[www.youmeme.io/index.html]
[backblue.gif]
[fade.gif]
[index.html]
[uploads-ssl.webflow.com/620e472194ea8519cb5cda07/css/youmeme3.webflow.9643e4161.min.css]
[use.typekit.net/uru6kae.js]
[uploads-ssl.webflow.com/620e472194ea8519cb5cda07/648734aeafa4828634418731_favicon-32x32.png]
[uploads-ssl.webflow.com/620e472194ea8519cb5cda07/648734a38455a30988d1f84d_youmeme_favicons_specify_256x256.png]
[cdn.jsdelivr.net/gh/itsoffbrand/youmeme@latest/offbrand-dog.iife.js]
[uploads-ssl.webflow.com/620e472194ea8519cb5cda07/648735f2e08183d1b84e92e0_favicon.png]
[uploads-ssl.webflow.com/620e472194ea8519cb5cda07/620e472194ea855b715cda50_youmeme logo dilo.svg]
[uploads-ssl.webflow.com/620e472194ea8519cb5cda07/620e472194ea85cc5b5cda29_logo-mascot.svg]
[uploads-ssl.webflow.com/620e472194ea8519cb5cda07/620e472194ea850ece5cda7b_youmeme webclip.png]
[uploads-ssl.webflow.com/620e472194ea8519cb5cda07/620e472194ea8549775cda49_elontweet.png]
[uploads-ssl.webflow.com/620e472194ea854ff05cda22/633df47cd4ec5a2d7434a7ef_illustration_memecontest___v0_4.png]
[uploads-ssl.webflow.com/620e472194ea854ff05cda22/633dd4bed3156ae00d4a6fca_illustration_tipping_ver2.png]
[uploads-ssl.webflow.com/620e472194ea854ff05cda22/633df3a6d4ec5a49f1340fdc_illustration_subscribe___v0_4.png]
[uploads-ssl.webflow.com/620e472194ea854ff05cda22/633df4896281799953ac130f_illustration_marketplace___v04.png]
[uploads-ssl.webflow.com/620e472194ea854ff05cda22/633df1c462817900ffa92e1f_illustration_memestoNFT___v0_4.png]
[uploads-ssl.webflow.com/620e472194ea8519cb5cda07/633e0188cb313b0db4f3b8e4_youmeme.io_section1_illustration_updated (1).png]
[uploads-ssl.webflow.com/620e472194ea8519cb5cda07/620e472194ea85295c5cda5b_gamified_platform (4).svg]
[uploads-ssl.webflow.com/620e472194ea8519cb5cda07/633edc46e36f7089e16ce44f_memecon_ymio_illu.png]
[uploads-ssl.webflow.com/620e472194ea8519cb5cda07/633ed007bbe816828c9e8420_youmeme.io_memeditor_illu_v02.png]
[uploads-ssl.webflow.com/620e472194ea854ff05cda22/620e472194ea853cff5cdab9_polygon.png]
[uploads-ssl.webflow.com/620e472194ea854ff05cda22/637377c075f219e2ea169384_unnamed.png]
[uploads-ssl.webflow.com/620e472194ea854ff05cda22/648869b95ad3f0a8e2995389_LENS LOGO_All_Full.png]
[uploads-ssl.webflow.com/620e472194ea854ff05cda22/64c0dcee148a0f9b060431be_[removal.ai]_tmp-63dd1e762ad5b_EIR1SE.png]
[uploads-ssl.webflow.com/620e472194ea854ff05cda22/620e472194ea855e535cdabb_images-01.png]
[uploads-ssl.webflow.com/620e472194ea854ff05cda22/620e472194ea85bdf25cdab8_images-02.png]
[uploads-ssl.webflow.com/620e472194ea854ff05cda22/620e472194ea856afe5cdac7_images-03.png]
[uploads-ssl.webflow.com/620e472194ea854ff05cda22/620e472194ea85c0c65cdabd_images-04.png]
[uploads-ssl.webflow.com/620e472194ea854ff05cda22/620e472194ea85475b5cdacf_images-06.png]
[uploads-ssl.webflow.com/620e472194ea854ff05cda22/620e472194ea8539595cdabf_images-05.png]
[uploads-ssl.webflow.com/620e472194ea854ff05cda22/64c8cca8f735811aa4523489_Netro En.png]
[uploads-ssl.webflow.com/620e472194ea854ff05cda22/620e472194ea8575af5cdac6_images-08.png]
[uploads-ssl.webflow.com/620e472194ea8519cb5cda07/620e472194ea851ecb5cda45_outter--ring-01.png]
[uploads-ssl.webflow.com/620e472194ea8519cb5cda07/620e472194ea8576a35cda44_middle--ring-01.png]
[uploads-ssl.webflow.com/620e472194ea8519cb5cda07/620e472194ea856f925cda3e_planet--2.png]
[uploads-ssl.webflow.com/620e472194ea8519cb5cda07/620e472194ea85b4565cda3c_planet--1.png]
[uploads-ssl.webflow.com/620e472194ea8519cb5cda07/620e472194ea858b885cda31_planet--5.png]
[uploads-ssl.webflow.com/620e472194ea8519cb5cda07/620e472194ea85437e5cda42_planet--4.png]
[uploads-ssl.webflow.com/620e472194ea8519cb5cda07/620e472194ea8537925cda40_planet--3.png]
[d3e54v103j8qbb.cloudfront.net/js/jquery-3.5.1.min.dc5e7f18c86dbb.js]
[www.youmeme.io/index.html]
[uploads-ssl.webflow.com/620e472194ea8519cb5cda07/css/youmeme3.webflow.9643e4161.min.css]
[uploads-ssl.webflow.com/620e472194ea8519cb5cda07/620e472194ea855b715cda50_youmeme logo dilo.svg]
[uploads-ssl.webflow.com/620e472194ea8519cb5cda07/620e472194ea85cc5b5cda29_logo-mascot.svg]
[uploads-ssl.webflow.com/620e472194ea8519cb5cda07/620e472194ea85295c5cda5b_gamified_platform (4).svg]
[uploads-ssl.webflow.com/620e472194ea8519cb5cda07/js/webflow.02781e7ff.js]
[www.youmeme.io/_https_/uploads-ssl.webflow.com/620e472194ea854ff05cda22/620e472194ea8563525cdacd_Alexandre_RAFFIN-resize.jpg_]
[www.youmeme.io/_https_/uploads-ssl.webflow.com/620e472194ea854ff05cda22/620e472194ea855e2b5cdab3_Lotfi Zouad-resize.png_]
[www.youmeme.io/_https_/uploads-ssl.webflow.com/620e472194ea854ff05cda22/620e472194ea85324d5cdace_Alexandre_PATRY-resize.jpg_]
[www.youmeme.io/_https_/uploads-ssl.webflow.com/620e472194ea854ff05cda22/620e472194ea856e785cdab5_Tanguy_NELLY-resize.png_]
[www.youmeme.io/_https_/uploads-ssl.webflow.com/620e472194ea854ff05cda22/620e472194ea8565795cdac8_Untitled-3.jpg_]
[www.youmeme.io/_https_/uploads-ssl.webflow.com/620e472194ea854ff05cda22/620e472194ea854a555cdac3_Leonidas_SAMARAI-resized.jpg_]
[www.youmeme.io/_https_/uploads-ssl.webflow.com/620e472194ea854ff05cda22/631fc6bcfdc285f471c7ce85_photo_2022-09-13_03-51-03.jpg_]
